<?xml version="1.0" encoding="utf-8"?><testsuites><testsuite name="pytest" errors="0" failures="0" skipped="3" tests="18" time="0.082" timestamp="2022-04-02T20:28:25.288050" hostname="DESKTOP-3KVSK4G"><testcase classname="test_assess" name="test_sqroot1" time="0.002" /><testcase classname="test_assess" name="test_sqroot2[64-8]" time="0.000"><skipped type="pytest.skip" message="something">C:\Users\dell\PycharmProjects\pytestselenium\test_assess.py:16: something</skipped></testcase><testcase classname="test_assess" name="test_sqroot2[49-7]" time="0.000"><skipped type="pytest.skip" message="something">C:\Users\dell\PycharmProjects\pytestselenium\test_assess.py:16: something</skipped></testcase><testcase classname="test_assess" name="test_sqroot2[81-9]" time="0.000"><skipped type="pytest.skip" message="something">C:\Users\dell\PycharmProjects\pytestselenium\test_assess.py:16: something</skipped></testcase><testcase classname="test_assess" name="test_sqroot3[64-8]" time="0.001" /><testcase classname="test_assess" name="test_sqroot3[49-7]" time="0.001" /><testcase classname="test_assess" name="test_sqroot3[81-9]" time="0.001" /><testcase classname="test_assess" name="test_quadratic[1-7-6-d0]" time="0.001" /><testcase classname="test_assess" name="test_quadratic[1--11-28-d1]" time="0.001" /><testcase classname="test_assess" name="test_celfah[4-39.2]" time="0.001" /><testcase classname="test_assess" name="test_celfah[2-35.6]" time="0.001" /><testcase classname="test_assess" name="test_celfah[6-42.8]" time="0.001" /><testcase classname="test_assess" name="test_number[40-positive]" time="0.001" /><testcase classname="test_assess" name="test_number[0-Zero]" time="0.001" /><testcase classname="test_assess" name="test_number[-5-negative]" time="0.001" /><testcase classname="test_assess" name="test_recur[4-10]" time="0.001" /><testcase classname="test_assess" name="test_recur[5-15]" time="0.001" /><testcase classname="test_assess" name="test_recur[6-21]" time="0.001" /></testsuite></testsuites>